<?xml version="1.0" encoding="UTF-8"?>
<testsuite xmlns:xsi="http://www.w3.org/2001/XMLSchema-instance" xsi:noNamespaceSchemaLocation="https://maven.apache.org/surefire/maven-surefire-plugin/xsd/surefire-test-report.xsd" name="com.aws.vokunev.catalog.data.ProductDataAccessorTest" time="6.408" tests="3" errors="0" skipped="0" failures="0">
  <properties>
[...]
</properties>
  <testcase name="testProductCatalog" classname="com.aws.vokunev.catalog.data.ProductDataAccessorTest" time="5.892"/>
  <testcase name="testExistingProduct" classname="com.aws.vokunev.catalog.data.ProductDataAccessorTest" time="0.336"/>
  <testcase name="testNonexistingProduct" classname="com.aws.vokunev.catalog.data.ProductDataAccessorTest" time="0.171"/>
</testsuite>